#
# There is insufficient memory for the Java Runtime Environment to continue.
# Native memory allocation (mmap) failed to map 268435456 bytes for Failed to commit area from 0x0000000701600000 to 0x0000000711600000 of length 268435456.
# Possible reasons:
#   The system is out of physical RAM or swap space
#   The process is running with CompressedOops enabled, and the Java Heap may be blocking the growth of the native heap
# Possible solutions:
#   Reduce memory load on the system
#   Increase physical memory or swap space
#   Check if swap backing store is full
#   Decrease Java heap size (-Xmx/-Xms)
#   Decrease number of Java threads
#   Decrease Java thread stack sizes (-Xss)
#   Set larger code cache with -XX:ReservedCodeCacheSize=
# This output file may be truncated or incomplete.
#
#  Out of Memory Error (c:/BuildAgent/work/1eae4dac1d648407/src/hotspot/os/windows/os_windows.cpp:3296), pid=1648, tid=2864
#
# JRE version:  (11.0.6+8) (build )
# Java VM: OpenJDK 64-Bit Server VM (11.0.6+8-b765.40, mixed mode, sharing, tiered, compressed oops, g1 gc, windows-amd64)
# No core dump will be written. Minidumps are not enabled by default on client versions of Windows
#

---------------  S U M M A R Y ------------

Command Line: org.jetbrains.git4idea.http.GitAskPassApp Username for 'https://github.com': 

Host: Intel(R) Core(TM) i7-4600U CPU @ 2.10GHz, 4 cores, 15G,  Windows 10 , 64 bit Build 18362 (10.0.18362.778)
Time: Thu May 14 00:04:45 2020 India Standard Time elapsed time: 0 seconds (0d 0h 0m 0s)

---------------  T H R E A D  ---------------

Current thread (0x00000292267ca800):  JavaThread "Unknown thread" [_thread_in_vm, id=2864, stack(0x000000f2bdb00000,0x000000f2bdc00000)]

Stack: [0x000000f2bdb00000,0x000000f2bdc00000]
Native frames: (J=compiled Java code, j=interpreted, Vv=VM code, C=native code)
V  [jvm.dll+0x5ddf9a]
V  [jvm.dll+0x710ae5]
V  [jvm.dll+0x712005]
V  [jvm.dll+0x7126b3]
V  [jvm.dll+0x23e718]
V  [jvm.dll+0x5db444]
V  [jvm.dll+0x5d0675]
V  [jvm.dll+0x2faf1b]
V  [jvm.dll+0x2fae8a]
V  [jvm.dll+0x2fad62]
V  [jvm.dll+0x2ffc36]
V  [jvm.dll+0x3484e3]
V  [jvm.dll+0x348be6]
V  [jvm.dll+0x3485e3]
V  [jvm.dll+0x2d5938]
V  [jvm.dll+0x2d6ad7]
V  [jvm.dll+0x6ef8a7]
V  [jvm.dll+0x6f109c]
V  [jvm.dll+0x355b29]
V  [jvm.dll+0x6d4a7e]
V  [jvm.dll+0x3bf053]
V  [jvm.dll+0x3c15d1]
C  [jli.dll+0x5363]
C  [ucrtbase.dll+0x20e72]
C  [KERNEL32.DLL+0x17bd4]
C  [ntdll.dll+0x6ce51]


---------------  P R O C E S S  ---------------

Threads class SMR info:
_java_thread_list=0x00000292245b54e0, length=0, elements={
}

Java Threads: ( => current thread )

Other Threads:
  0x00000292267e4800 GCTaskThread "GC Thread#0" [stack: 0x000000f2bdc00000,0x000000f2bdd00000] [id=120]
  0x0000029226843800 ConcurrentGCThread "G1 Main Marker" [stack: 0x000000f2bdd00000,0x000000f2bde00000] [id=352]
  0x0000029226845800 ConcurrentGCThread "G1 Conc#0" [stack: 0x000000f2bde00000,0x000000f2bdf00000] [id=11144]

[error occurred during error reporting (printing all threads), id 0xc0000005, EXCEPTION_ACCESS_VIOLATION (0xc0000005) at pc=0x00007ffd65226047]

VM state:not at safepoint (not fully initialized)

VM Mutex/Monitor currently owned by a thread:  ([mutex/lock_event])
[0x00000292267c78e0] Heap_lock - owner thread: 0x00000292267ca800

Heap address: 0x0000000701600000, size: 4074 MB, Compressed Oops mode: Non-zero based: 0x0000000701600000
Narrow klass base: 0x0000000000000000, Narrow klass shift: 0

GC Heap History (0 events):
No events

Deoptimization events (0 events):
No events

Classes redefined (0 events):
No events

Internal exceptions (0 events):
No events

Events (2 events):
Event: 0.009 Loaded shared library C:\Program Files\JetBrains\PyCharm Community Edition 2019.3.1\jbr\bin\zip.dll
Event: 0.009 Loaded shared library C:\Program Files\JetBrains\PyCharm Community Edition 2019.3.1\jbr\bin\jimage.dll


Dynamic libraries:
0x00007ff791980000 - 0x00007ff79198a000 	C:\Program Files\JetBrains\PyCharm Community Edition 2019.3.1\jbr\bin\java.exe
0x00007ffdac2c0000 - 0x00007ffdac4b0000 	C:\WINDOWS\SYSTEM32\ntdll.dll
0x00007ffdac1c0000 - 0x00007ffdac272000 	C:\WINDOWS\System32\KERNEL32.DLL
0x00007ffda9770000 - 0x00007ffda9a13000 	C:\WINDOWS\System32\KERNELBASE.dll
0x00007ffda94f0000 - 0x00007ffda95ea000 	C:\WINDOWS\System32\ucrtbase.dll
0x00007ffda0910000 - 0x00007ffda0929000 	C:\Program Files\JetBrains\PyCharm Community Edition 2019.3.1\jbr\bin\jli.dll
0x00007ffdaba80000 - 0x00007ffdabc14000 	C:\WINDOWS\System32\USER32.dll
0x00007ffdaa1a0000 - 0x00007ffdaa1c1000 	C:\WINDOWS\System32\win32u.dll
0x00007ffdabcd0000 - 0x00007ffdabcf6000 	C:\WINDOWS\System32\GDI32.dll
0x00007ffd9f930000 - 0x00007ffd9f947000 	C:\Program Files\JetBrains\PyCharm Community Edition 2019.3.1\jbr\bin\VCRUNTIME140.dll
0x00007ffdaa1d0000 - 0x00007ffdaa364000 	C:\WINDOWS\System32\gdi32full.dll
0x00007ffda92a0000 - 0x00007ffda933e000 	C:\WINDOWS\System32\msvcp_win.dll
0x00007ffd9d350000 - 0x00007ffd9d5d5000 	C:\WINDOWS\WinSxS\amd64_microsoft.windows.common-controls_6595b64144ccf1df_6.0.18362.778_none_e6c6b761130d4fb8\COMCTL32.dll
0x00007ffdaa7f0000 - 0x00007ffdaa88e000 	C:\WINDOWS\System32\msvcrt.dll
0x00007ffdaaaf0000 - 0x00007ffdaae26000 	C:\WINDOWS\System32\combase.dll
0x00007ffdaa3d0000 - 0x00007ffdaa4f0000 	C:\WINDOWS\System32\RPCRT4.dll
0x00007ffda9470000 - 0x00007ffda94f0000 	C:\WINDOWS\System32\bcryptPrimitives.dll
0x00007ffdaa570000 - 0x00007ffdaa59e000 	C:\WINDOWS\System32\IMM32.DLL
0x00007ffd9c8d0000 - 0x00007ffd9c96d000 	C:\Program Files\JetBrains\PyCharm Community Edition 2019.3.1\jbr\bin\msvcp140.dll
0x00007ffd64f40000 - 0x00007ffd659fd000 	C:\Program Files\JetBrains\PyCharm Community Edition 2019.3.1\jbr\bin\server\jvm.dll
0x00007ffdaa890000 - 0x00007ffdaa933000 	C:\WINDOWS\System32\ADVAPI32.dll
0x00007ffdaa750000 - 0x00007ffdaa7e7000 	C:\WINDOWS\System32\sechost.dll
0x00007ffdaa940000 - 0x00007ffdaa948000 	C:\WINDOWS\System32\PSAPI.DLL
0x00007ffd9e340000 - 0x00007ffd9e349000 	C:\WINDOWS\SYSTEM32\WSOCK32.dll
0x00007ffda6990000 - 0x00007ffda69b4000 	C:\WINDOWS\SYSTEM32\WINMM.dll
0x00007ffd9c550000 - 0x00007ffd9c55a000 	C:\WINDOWS\SYSTEM32\VERSION.dll
0x00007ffdabd30000 - 0x00007ffdabd9f000 	C:\WINDOWS\System32\WS2_32.dll
0x00007ffda6960000 - 0x00007ffda698d000 	C:\WINDOWS\SYSTEM32\winmmbase.dll
0x00007ffda9250000 - 0x00007ffda929a000 	C:\WINDOWS\System32\cfgmgr32.dll
0x00007ffda9230000 - 0x00007ffda9241000 	C:\WINDOWS\System32\kernel.appcore.dll
0x00007ffd8d590000 - 0x00007ffd8d5a1000 	C:\Program Files\JetBrains\PyCharm Community Edition 2019.3.1\jbr\bin\verify.dll
0x00007ffd95490000 - 0x00007ffd95684000 	C:\WINDOWS\SYSTEM32\DBGHELP.DLL
0x00007ffd97f60000 - 0x00007ffd97f8a000 	C:\WINDOWS\SYSTEM32\dbgcore.DLL
0x00007ffd8d510000 - 0x00007ffd8d539000 	C:\Program Files\JetBrains\PyCharm Community Edition 2019.3.1\jbr\bin\java.dll
0x00007ffd8d4f0000 - 0x00007ffd8d508000 	C:\Program Files\JetBrains\PyCharm Community Edition 2019.3.1\jbr\bin\zip.dll
0x00007ffd9b9f0000 - 0x00007ffd9b9fb000 	C:\Program Files\JetBrains\PyCharm Community Edition 2019.3.1\jbr\bin\jimage.dll

dbghelp: loaded successfully - version: 4.0.5 - missing functions: none
symbol engine: initialized successfully - sym options: 0x614 - pdb path: .;C:\Program Files\JetBrains\PyCharm Community Edition 2019.3.1\jbr\bin;C:\WINDOWS\SYSTEM32;C:\WINDOWS\WinSxS\amd64_microsoft.windows.common-controls_6595b64144ccf1df_6.0.18362.778_none_e6c6b761130d4fb8;C:\Program Files\JetBrains\PyCharm Community Edition 2019.3.1\jbr\bin\server

VM Arguments:
java_command: org.jetbrains.git4idea.http.GitAskPassApp Username for 'https://github.com': 
java_class_path (initial): C:/Program Files/JetBrains/PyCharm Community Edition 2019.3.1/plugins/git4idea/lib/git4idea-rt.jar;C:/Program Files/JetBrains/PyCharm Community Edition 2019.3.1/lib/xmlrpc-2.0.1.jar;C:/Program Files/JetBrains/PyCharm Community Edition 2019.3.1/lib/commons-codec-1.14.jar;C:/Program Files/JetBrains/PyCharm Community Edition 2019.3.1/lib/util.jar
Launcher Type: SUN_STANDARD

[Global flags]
     intx CICompilerCount                          = 3                                         {product} {ergonomic}
     uint ConcGCThreads                            = 1                                         {product} {ergonomic}
     uint G1ConcRefinementThreads                  = 4                                         {product} {ergonomic}
   size_t G1HeapRegionSize                         = 1048576                                   {product} {ergonomic}
    uintx GCDrainStackTargetSize                   = 64                                        {product} {ergonomic}
   size_t InitialHeapSize                          = 268435456                                 {product} {ergonomic}
   size_t MarkStackSize                            = 4194304                                   {product} {ergonomic}
   size_t MaxHeapSize                              = 4271898624                                {product} {ergonomic}
   size_t MinHeapDeltaBytes                        = 1048576                                   {product} {ergonomic}
    uintx NonNMethodCodeHeapSize                   = 5830732                                {pd product} {ergonomic}
    uintx NonProfiledCodeHeapSize                  = 122913754                              {pd product} {ergonomic}
    uintx ProfiledCodeHeapSize                     = 122913754                              {pd product} {ergonomic}
    uintx ReservedCodeCacheSize                    = 251658240                              {pd product} {ergonomic}
     bool SegmentedCodeCache                       = true                                      {product} {ergonomic}
     bool UseCompressedClassPointers               = true                                 {lp64_product} {ergonomic}
     bool UseCompressedOops                        = true                                 {lp64_product} {ergonomic}
     bool UseG1GC                                  = true                                      {product} {ergonomic}
     bool UseLargePagesIndividualAllocation        = false                                  {pd product} {ergonomic}

Logging:
Log output configuration:
 #0: stdout all=warning uptime,level,tags
 #1: stderr all=off uptime,level,tags

Environment Variables:
JAVA_HOME=C:\Program Files (x86)\Java\jre1.8.0_211\bin
JRE_HOME=C:\Program Files (x86)\Java\jre1.8.0_211\bin
PATH=C:\Program Files\Git\mingw64\libexec\git-core;C:\Program Files\Git\mingw64\libexec\git-core;C:\Program Files\Git\mingw64\bin;C:\Program Files\Git\usr\bin;C:\Users\pavithra\bin;C:\Program Files (x86)\Common Files\Oracle\Java\javapath;C:\WINDOWS\system32;C:\WINDOWS;C:\WINDOWS\System32\Wbem;C:\WINDOWS\System32\WindowsPowerShell\v1.0;C:\WINDOWS\System32\OpenSSH;C:\Program Files\Git\cmd;C:\Program Files\Docker\Docker\resources\bin;C:\ProgramData\DockerDesktop\version-bin;C:\Program Files\MySQL\MySQL Shell 8.0\bin;C:\Users\pavithra\AppData\Local\Microsoft\WindowsApps;C:\Users\pavithra\Anaconda;C:\Users\pavithra\Anaconda3\Library\mingw-w64\bin;C:\Users\pavithra\Anaconda3\Library\usr\bin;C:\Users\pavithra\Anaconda3\Library\bin;C:\Users\pavithra\Anaconda3\Scripts;C:\Users\pavithra\Anaconda3\bin;C:\Users\pavithra\Anaconda3\c";C:\Users\pavithra\AppData\Local\GitHubDesktop\bin;C:\Program Files (x86)\Java\jre1.8.0_211\bin
USERNAME=pavithra
DISPLAY=:0.0
OS=Windows_NT
PROCESSOR_IDENTIFIER=Intel64 Family 6 Model 69 Stepping 1, GenuineIntel



---------------  S Y S T E M  ---------------

OS: Windows 10 , 64 bit Build 18362 (10.0.18362.778)
HyperV virtualization detected

CPU:total 4 (initial active 4) (2 cores per cpu, 2 threads per core) family 6 model 69 stepping 1, cmov, cx8, fxsr, mmx, sse, sse2, sse3, ssse3, sse4.1, sse4.2, popcnt, avx, avx2, aes, clmul, erms, lzcnt, ht, tsc, tscinvbit, bmi1, bmi2, fma

Memory: 4k page, system-wide physical 16289M (5034M free)
TotalPageFile size 41885M (AvailPageFile size 185M)
current process WorkingSet (physical memory assigned to process): 9M, peak: 9M
current process commit charge ("private bytes"): 52M, peak: 308M

vm_info: OpenJDK 64-Bit Server VM (11.0.6+8-b765.40) for windows-amd64 JRE (11.0.6+8-b765.40), built on Apr 20 2020 14:37:21 by "" with MS VC++ 14.0 (VS2015)

END.
