2020-10-01 14:54:05,256 INFO Index Prices - Extraction of BSE index prices is started
2020-10-01 14:54:06,048 INFO Update/Insert - index_prices (BSE100)
2020-10-01 14:54:09,931 INFO Update/Insert success - index_prices (BSE100)
2020-10-01 14:54:10,922 INFO Update/Insert - index_prices (BSE200)
2020-10-01 14:54:12,592 INFO Update/Insert success - index_prices (BSE200)
2020-10-01 14:54:13,600 INFO Update/Insert - index_prices (BSE30)
2020-10-01 14:54:15,299 INFO Update/Insert success - index_prices (BSE30)
2020-10-01 14:54:16,169 INFO Update/Insert - index_prices (BSE500)
2020-10-01 14:54:17,905 INFO Update/Insert success - index_prices (BSE500)
2020-10-01 14:54:19,036 INFO Update/Insert - index_prices (BSEHEALTH)
2020-10-01 14:54:20,702 INFO Update/Insert success - index_prices (BSEHEALTH)
2020-10-01 14:54:21,562 INFO Update/Insert - index_prices (BSEMC)
2020-10-01 14:54:23,289 INFO Update/Insert success - index_prices (BSEMC)
2020-10-01 14:54:24,801 INFO Update/Insert - index_prices (BSEMSC400)
2020-10-01 14:54:26,523 INFO Update/Insert success - index_prices (BSEMSC400)
2020-10-01 14:54:28,041 INFO Update/Insert - index_prices (BSESC)
2020-10-01 14:54:29,775 INFO Update/Insert success - index_prices (BSESC)
2020-10-01 14:54:30,569 INFO Update/Insert - index_prices (SENSEX)
2020-10-01 14:54:32,333 INFO Update/Insert success - index_prices (SENSEX)
2020-10-01 14:54:32,490 INFO Index Prices - Extraction of BSE index prices is completed
2020-10-01 14:57:27,094 INFO Index Prices - NSE is started
2020-10-01 14:58:29,930 INFO Index Prices - NSE is started
2020-10-01 14:58:30,491 INFO Update/Insert - index_prices (NIFTY100)
2020-10-01 14:58:35,209 INFO Update/Insert success - index_prices (NIFTY100)
2020-10-01 14:58:35,801 INFO Update/Insert - index_prices (NIFTY200)
2020-10-01 14:58:37,611 INFO Update/Insert success - index_prices (NIFTY200)
2020-10-01 14:58:38,121 INFO Update/Insert - index_prices (NIFTY50)
2020-10-01 14:58:39,887 INFO Update/Insert success - index_prices (NIFTY50)
2020-10-01 14:58:40,454 INFO Update/Insert - index_prices (NIFTY500)
2020-10-01 14:58:42,241 INFO Update/Insert success - index_prices (NIFTY500)
2020-10-01 14:58:42,792 INFO Update/Insert - index_prices (NIFTYMC100)
2020-10-01 14:58:44,561 INFO Update/Insert success - index_prices (NIFTYMC100)
2020-10-01 14:58:45,071 INFO Update/Insert - index_prices (NIFTYMC150)
2020-10-01 14:58:46,861 INFO Update/Insert success - index_prices (NIFTYMC150)
2020-10-01 14:58:47,892 INFO Update/Insert - index_prices (NIFTYPHARMA)
2020-10-01 14:58:49,730 INFO Update/Insert success - index_prices (NIFTYPHARMA)
2020-10-01 14:58:50,328 INFO Update/Insert - index_prices (NIFTYSC100)
2020-10-01 14:58:52,130 INFO Update/Insert success - index_prices (NIFTYSC100)
2020-10-01 14:58:53,117 INFO Update/Insert - index_prices (NIFTYSC250)
2020-10-01 14:58:54,930 INFO Update/Insert success - index_prices (NIFTYSC250)
2020-10-01 14:58:56,152 INFO Update/Insert - index_prices (NIFVIX)
2020-10-01 14:58:57,964 INFO Update/Insert success - index_prices (NIFVIX)
2020-10-01 14:58:58,119 INFO Index Prices - NSE is completed
2020-11-02 11:41:19,311 INFO Index Prices - Extraction of BSE index prices is started
2020-11-02 11:41:22,973 INFO Update/Insert - index_prices (BSE100)
2020-11-02 11:41:26,962 INFO Update/Insert success - index_prices (BSE100)
2020-11-02 11:41:29,136 INFO Update/Insert - index_prices (BSE200)
2020-11-02 11:41:30,629 INFO Update/Insert success - index_prices (BSE200)
2020-11-02 11:41:36,939 INFO Update/Insert - index_prices (BSE30)
2020-11-02 11:41:39,903 INFO Update/Insert success - index_prices (BSE30)
2020-11-02 11:41:41,976 INFO Update/Insert - index_prices (BSE500)
2020-11-02 11:41:43,495 INFO Update/Insert success - index_prices (BSE500)
2020-11-02 11:41:47,259 INFO Update/Insert - index_prices (BSEHEALTH)
2020-11-02 11:41:48,663 INFO Update/Insert success - index_prices (BSEHEALTH)
2020-11-02 11:41:49,990 INFO Update/Insert - index_prices (BSEMC)
2020-11-02 11:41:51,405 INFO Update/Insert success - index_prices (BSEMC)
2020-11-02 11:41:54,292 INFO Update/Insert - index_prices (BSEMSC400)
2020-11-02 11:41:55,705 INFO Update/Insert success - index_prices (BSEMSC400)
2020-11-02 11:41:57,122 INFO Update/Insert - index_prices (BSESC)
2020-11-02 11:41:58,743 INFO Update/Insert success - index_prices (BSESC)
2020-11-02 11:42:01,099 INFO Update/Insert - index_prices (SENSEX)
2020-11-02 11:42:03,437 INFO Update/Insert success - index_prices (SENSEX)
2020-11-02 11:42:03,580 INFO Index Prices - Extraction of BSE index prices is completed
2020-11-02 11:42:57,817 INFO Index Prices - NSE is started
2020-11-02 11:43:01,559 INFO Update/Insert - index_prices (NIFTY100)
2020-11-02 11:43:06,141 INFO Update/Insert success - index_prices (NIFTY100)
2020-11-02 11:43:07,270 INFO Update/Insert - index_prices (NIFTY200)
2020-11-02 11:43:08,748 INFO Update/Insert success - index_prices (NIFTY200)
2020-11-02 11:43:09,256 INFO Update/Insert - index_prices (NIFTY50)
2020-11-02 11:43:10,661 INFO Update/Insert success - index_prices (NIFTY50)
2020-11-02 11:43:11,101 INFO Update/Insert - index_prices (NIFTY500)
2020-11-02 11:43:12,421 INFO Update/Insert success - index_prices (NIFTY500)
2020-11-02 11:43:12,864 INFO Update/Insert - index_prices (NIFTYMC100)
2020-11-02 11:43:14,341 INFO Update/Insert success - index_prices (NIFTYMC100)
2020-11-02 11:43:15,277 INFO Update/Insert - index_prices (NIFTYMC150)
2020-11-02 11:43:16,667 INFO Update/Insert success - index_prices (NIFTYMC150)
2020-11-02 11:43:21,037 INFO Update/Insert - index_prices (NIFTYPHARMA)
2020-11-02 11:43:22,381 INFO Update/Insert success - index_prices (NIFTYPHARMA)
2020-11-02 11:43:22,837 INFO Update/Insert - index_prices (NIFTYSC100)
2020-11-02 11:43:24,161 INFO Update/Insert success - index_prices (NIFTYSC100)
2020-11-02 11:43:24,961 INFO Update/Insert - index_prices (NIFTYSC250)
2020-11-02 11:43:26,321 INFO Update/Insert success - index_prices (NIFTYSC250)
2020-11-02 11:43:27,107 INFO Update/Insert - index_prices (NIFVIX)
2020-11-02 11:43:28,502 INFO Update/Insert success - index_prices (NIFVIX)
2020-11-02 11:43:28,641 INFO Index Prices - NSE is completed
2020-12-01 17:48:18,644 INFO Index Prices - NSE is started
2020-12-01 17:48:19,112 INFO Update/Insert - index_prices (NIFTY100)
2020-12-01 17:48:21,627 INFO Update/Insert success - index_prices (NIFTY100)
2020-12-01 17:48:22,424 INFO Update/Insert - index_prices (NIFTY200)
2020-12-01 17:48:23,728 INFO Update/Insert success - index_prices (NIFTY200)
2020-12-01 17:48:24,260 INFO Update/Insert - index_prices (NIFTY50)
2020-12-01 17:48:25,748 INFO Update/Insert success - index_prices (NIFTY50)
2020-12-01 17:48:26,288 INFO Update/Insert - index_prices (NIFTY500)
2020-12-01 17:48:27,608 INFO Update/Insert success - index_prices (NIFTY500)
2020-12-01 17:48:28,034 INFO Update/Insert - index_prices (NIFTYMC100)
2020-12-01 17:48:29,305 INFO Update/Insert success - index_prices (NIFTYMC100)
2020-12-01 17:48:29,867 INFO Update/Insert - index_prices (NIFTYMC150)
2020-12-01 17:48:31,127 INFO Update/Insert success - index_prices (NIFTYMC150)
2020-12-01 17:48:31,651 INFO Update/Insert - index_prices (NIFTYPHARMA)
2020-12-01 17:48:32,968 INFO Update/Insert success - index_prices (NIFTYPHARMA)
2020-12-01 17:48:33,578 INFO Update/Insert - index_prices (NIFTYSC100)
2020-12-01 17:48:34,987 INFO Update/Insert success - index_prices (NIFTYSC100)
2020-12-01 17:48:35,794 INFO Update/Insert - index_prices (NIFTYSC250)
2020-12-01 17:48:37,228 INFO Update/Insert success - index_prices (NIFTYSC250)
2020-12-01 17:48:37,748 INFO Update/Insert - index_prices (NIFVIX)
2020-12-01 17:48:39,045 INFO Update/Insert success - index_prices (NIFVIX)
2020-12-01 17:48:39,179 INFO Index Prices - NSE is completed
2020-12-01 20:05:59,289 INFO Index Prices - Extraction of BSE index prices is started
2020-12-01 20:06:00,553 INFO Update/Insert - index_prices (BSE100)
2020-12-01 20:06:03,540 INFO Update/Insert success - index_prices (BSE100)
2020-12-01 20:06:04,436 INFO Update/Insert - index_prices (BSE200)
2020-12-01 20:06:05,999 INFO Update/Insert success - index_prices (BSE200)
2020-12-01 20:06:06,997 INFO Update/Insert - index_prices (BSE30)
2020-12-01 20:06:08,497 INFO Update/Insert success - index_prices (BSE30)
2020-12-01 20:06:09,251 INFO Update/Insert - index_prices (BSE500)
2020-12-01 20:06:10,809 INFO Update/Insert success - index_prices (BSE500)
2020-12-01 20:06:11,808 INFO Update/Insert - index_prices (BSEHEALTH)
2020-12-01 20:06:13,372 INFO Update/Insert success - index_prices (BSEHEALTH)
2020-12-01 20:06:14,354 INFO Update/Insert - index_prices (BSEMC)
2020-12-01 20:06:15,955 INFO Update/Insert success - index_prices (BSEMC)
2020-12-01 20:06:16,912 INFO Update/Insert - index_prices (BSEMSC400)
2020-12-01 20:06:18,520 INFO Update/Insert success - index_prices (BSEMSC400)
2020-12-01 20:06:19,789 INFO Update/Insert - index_prices (BSESC)
2020-12-01 20:06:21,298 INFO Update/Insert success - index_prices (BSESC)
2020-12-01 20:06:22,680 INFO Update/Insert - index_prices (SENSEX)
2020-12-01 20:06:24,217 INFO Update/Insert success - index_prices (SENSEX)
2020-12-01 20:06:24,360 INFO Index Prices - Extraction of BSE index prices is completed
2021-01-04 12:10:28,659 INFO Index Prices - Extraction of BSE index prices is started
2021-01-04 12:10:29,005 INFO Update/Insert - index_prices (BSE100)
2021-01-04 12:10:30,168 INFO Update/Insert success - index_prices (BSE100)
2021-01-04 12:10:31,449 INFO Update/Insert - index_prices (BSE200)
2021-01-04 12:10:32,067 INFO Update/Insert success - index_prices (BSE200)
2021-01-04 12:10:32,476 INFO Update/Insert - index_prices (BSE30)
2021-01-04 12:10:33,091 INFO Update/Insert success - index_prices (BSE30)
2021-01-04 12:10:33,466 INFO Update/Insert - index_prices (BSE500)
2021-01-04 12:10:34,110 INFO Update/Insert success - index_prices (BSE500)
2021-01-04 12:10:34,648 INFO Update/Insert - index_prices (BSEHEALTH)
2021-01-04 12:10:35,340 INFO Update/Insert success - index_prices (BSEHEALTH)
2021-01-04 12:10:35,847 INFO Update/Insert - index_prices (BSEMC)
2021-01-04 12:10:36,568 INFO Update/Insert success - index_prices (BSEMC)
2021-01-04 12:10:37,016 INFO Update/Insert - index_prices (BSEMSC400)
2021-01-04 12:10:37,744 INFO Update/Insert success - index_prices (BSEMSC400)
2021-01-04 12:10:38,254 INFO Update/Insert - index_prices (BSESC)
2021-01-04 12:10:38,955 INFO Update/Insert success - index_prices (BSESC)
2021-01-04 12:10:39,584 INFO Update/Insert - index_prices (SENSEX)
2021-01-04 12:10:40,274 INFO Update/Insert success - index_prices (SENSEX)
2021-01-04 12:10:40,337 INFO Index Prices - Extraction of BSE index prices is completed
2021-01-04 12:13:43,501 INFO Index Prices - NSE is started
2021-01-04 12:13:43,779 INFO Update/Insert - index_prices (NIFTY100)
2021-01-04 12:13:44,907 INFO Update/Insert success - index_prices (NIFTY100)
2021-01-04 12:13:45,235 INFO Update/Insert - index_prices (NIFTY200)
2021-01-04 12:13:45,883 INFO Update/Insert success - index_prices (NIFTY200)
2021-01-04 12:13:46,133 INFO Update/Insert - index_prices (NIFTY50)
2021-01-04 12:13:46,758 INFO Update/Insert success - index_prices (NIFTY50)
2021-01-04 12:13:47,004 INFO Update/Insert - index_prices (NIFTY500)
2021-01-04 12:13:47,630 INFO Update/Insert success - index_prices (NIFTY500)
2021-01-04 12:13:47,902 INFO Update/Insert - index_prices (NIFTYMC100)
2021-01-04 12:13:48,527 INFO Update/Insert success - index_prices (NIFTYMC100)
2021-01-04 12:13:48,918 INFO Update/Insert - index_prices (NIFTYMC150)
2021-01-04 12:13:49,564 INFO Update/Insert success - index_prices (NIFTYMC150)
2021-01-04 12:13:49,931 INFO Update/Insert - index_prices (NIFTYPHARMA)
2021-01-04 12:13:50,519 INFO Update/Insert success - index_prices (NIFTYPHARMA)
2021-01-04 12:13:50,828 INFO Update/Insert - index_prices (NIFTYSC100)
2021-01-04 12:13:51,456 INFO Update/Insert success - index_prices (NIFTYSC100)
2021-01-04 12:13:51,850 INFO Update/Insert - index_prices (NIFTYSC250)
2021-01-04 12:13:52,471 INFO Update/Insert success - index_prices (NIFTYSC250)
2021-01-04 12:13:52,838 INFO Update/Insert - index_prices (NIFVIX)
2021-01-04 12:13:53,467 INFO Update/Insert success - index_prices (NIFVIX)
2021-01-04 12:13:53,530 INFO Index Prices - NSE is completed
2021-02-02 10:17:51,718 INFO Index Prices - Extraction of BSE index prices is started
2021-02-02 10:17:52,173 INFO Update/Insert - index_prices (BSE100)
2021-02-02 10:17:53,266 INFO Update/Insert success - index_prices (BSE100)
2021-02-02 10:17:53,664 INFO Update/Insert - index_prices (BSE200)
2021-02-02 10:17:54,822 INFO Update/Insert success - index_prices (BSE200)
2021-02-02 10:17:55,308 INFO Update/Insert - index_prices (BSE30)
2021-02-02 10:17:55,920 INFO Update/Insert success - index_prices (BSE30)
2021-02-02 10:17:56,306 INFO Update/Insert - index_prices (BSE500)
2021-02-02 10:17:56,912 INFO Update/Insert success - index_prices (BSE500)
2021-02-02 10:17:57,347 INFO Update/Insert - index_prices (BSEHEALTH)
2021-02-02 10:17:57,962 INFO Update/Insert success - index_prices (BSEHEALTH)
2021-02-02 10:17:58,372 INFO Update/Insert - index_prices (BSEMC)
2021-02-02 10:17:59,005 INFO Update/Insert success - index_prices (BSEMC)
2021-02-02 10:17:59,534 INFO Update/Insert - index_prices (BSEMSC400)
2021-02-02 10:18:00,141 INFO Update/Insert success - index_prices (BSEMSC400)
2021-02-02 10:18:00,822 INFO Update/Insert - index_prices (BSESC)
2021-02-02 10:18:01,422 INFO Update/Insert success - index_prices (BSESC)
2021-02-02 10:18:02,015 INFO Update/Insert - index_prices (SENSEX)
2021-02-02 10:18:02,613 INFO Update/Insert success - index_prices (SENSEX)
2021-02-02 10:18:02,676 INFO Index Prices - Extraction of BSE index prices is completed
2021-02-02 10:18:26,576 INFO Index Prices - NSE is started
2021-02-02 10:18:26,771 INFO Update/Insert - index_prices (NIFTY100)
2021-02-02 10:18:27,776 INFO Update/Insert success - index_prices (NIFTY100)
2021-02-02 10:18:28,077 INFO Update/Insert - index_prices (NIFTY200)
2021-02-02 10:18:28,608 INFO Update/Insert success - index_prices (NIFTY200)
2021-02-02 10:18:28,787 INFO Update/Insert - index_prices (NIFTY50)
2021-02-02 10:18:29,313 INFO Update/Insert success - index_prices (NIFTY50)
2021-02-02 10:18:29,605 INFO Update/Insert - index_prices (NIFTY500)
2021-02-02 10:18:30,162 INFO Update/Insert success - index_prices (NIFTY500)
2021-02-02 10:18:30,420 INFO Update/Insert - index_prices (NIFTYMC100)
2021-02-02 10:18:30,980 INFO Update/Insert success - index_prices (NIFTYMC100)
2021-02-02 10:18:31,285 INFO Update/Insert - index_prices (NIFTYMC150)
2021-02-02 10:18:31,822 INFO Update/Insert success - index_prices (NIFTYMC150)
2021-02-02 10:18:32,078 INFO Update/Insert - index_prices (NIFTYPHARMA)
2021-02-02 10:18:32,638 INFO Update/Insert success - index_prices (NIFTYPHARMA)
2021-02-02 10:18:32,873 INFO Update/Insert - index_prices (NIFTYSC100)
2021-02-02 10:18:33,432 INFO Update/Insert success - index_prices (NIFTYSC100)
2021-02-02 10:18:33,664 INFO Update/Insert - index_prices (NIFTYSC250)
2021-02-02 10:18:34,256 INFO Update/Insert success - index_prices (NIFTYSC250)
2021-02-02 10:18:34,507 INFO Update/Insert - index_prices (NIFVIX)
2021-02-02 10:18:35,069 INFO Update/Insert success - index_prices (NIFVIX)
2021-02-02 10:18:35,128 INFO Index Prices - NSE is completed
