2021-03-01 14:37:28,747 INFO Index Prices - Extraction of BSE index prices is started
2021-03-01 14:37:29,213 INFO Update/Insert - index_prices (BSE100)
2021-03-01 14:37:30,452 INFO Update/Insert success - index_prices (BSE100)
2021-03-01 14:37:30,869 INFO Update/Insert - index_prices (BSE200)
2021-03-01 14:37:31,446 INFO Update/Insert success - index_prices (BSE200)
2021-03-01 14:37:31,839 INFO Update/Insert - index_prices (BSE30)
2021-03-01 14:37:32,400 INFO Update/Insert success - index_prices (BSE30)
2021-03-01 14:37:32,964 INFO Update/Insert - index_prices (BSE500)
2021-03-01 14:37:33,527 INFO Update/Insert success - index_prices (BSE500)
2021-03-01 14:37:33,919 INFO Update/Insert - index_prices (BSEHEALTH)
2021-03-01 14:37:34,461 INFO Update/Insert success - index_prices (BSEHEALTH)
2021-03-01 14:37:34,950 INFO Update/Insert - index_prices (BSEMC)
2021-03-01 14:37:35,491 INFO Update/Insert success - index_prices (BSEMC)
2021-03-01 14:37:35,917 INFO Update/Insert - index_prices (BSEMSC400)
2021-03-01 14:37:36,455 INFO Update/Insert success - index_prices (BSEMSC400)
2021-03-01 14:37:36,877 INFO Update/Insert - index_prices (BSESC)
2021-03-01 14:37:37,428 INFO Update/Insert success - index_prices (BSESC)
2021-03-01 14:37:38,048 INFO Update/Insert - index_prices (SENSEX)
2021-03-01 14:37:38,596 INFO Update/Insert success - index_prices (SENSEX)
2021-03-01 14:37:38,654 INFO Index Prices - Extraction of BSE index prices is completed
2021-03-01 14:38:09,452 INFO Index Prices - NSE is started
2021-03-01 14:39:20,329 INFO Index Prices - NSE is started
2021-03-01 14:42:25,897 INFO Index Prices - NSE is started
2021-03-01 14:42:26,158 INFO Update/Insert - index_prices (NIFTY100)
2021-03-01 14:42:27,398 INFO Update/Insert success - index_prices (NIFTY100)
2021-03-01 14:42:27,708 INFO Update/Insert - index_prices (NIFTY200)
2021-03-01 14:42:28,209 INFO Update/Insert success - index_prices (NIFTY200)
2021-03-01 14:42:28,608 INFO Update/Insert - index_prices (NIFTY50)
2021-03-01 14:42:29,210 INFO Update/Insert success - index_prices (NIFTY50)
2021-03-01 14:42:29,567 INFO Update/Insert - index_prices (NIFTY500)
2021-03-01 14:42:30,080 INFO Update/Insert success - index_prices (NIFTY500)
2021-03-01 14:42:32,615 INFO Update/Insert - index_prices (NIFTYMC100)
2021-03-01 14:42:33,120 INFO Update/Insert success - index_prices (NIFTYMC100)
2021-03-01 14:42:33,482 INFO Update/Insert - index_prices (NIFTYMC150)
2021-03-01 14:42:33,974 INFO Update/Insert success - index_prices (NIFTYMC150)
2021-03-01 14:42:37,068 INFO Update/Insert - index_prices (NIFTYPHARMA)
2021-03-01 14:42:37,585 INFO Update/Insert success - index_prices (NIFTYPHARMA)
2021-03-01 14:42:37,907 INFO Update/Insert - index_prices (NIFTYSC100)
2021-03-01 14:42:38,425 INFO Update/Insert success - index_prices (NIFTYSC100)
2021-03-01 14:42:38,853 INFO Update/Insert - index_prices (NIFTYSC250)
2021-03-01 14:42:39,371 INFO Update/Insert success - index_prices (NIFTYSC250)
2021-03-01 14:42:39,745 INFO Update/Insert - index_prices (NIFVIX)
2021-03-01 14:42:40,266 INFO Update/Insert success - index_prices (NIFVIX)
2021-03-01 14:42:40,322 INFO Index Prices - NSE is completed
2021-04-01 11:45:26,075 INFO Index Prices - Extraction of BSE index prices is started
2021-04-01 11:45:26,678 INFO Update/Insert - index_prices (BSE100)
2021-04-01 11:45:28,073 INFO Update/Insert success - index_prices (BSE100)
2021-04-01 11:45:28,581 INFO Update/Insert - index_prices (BSE200)
2021-04-01 11:45:29,308 INFO Update/Insert success - index_prices (BSE200)
2021-04-01 11:45:29,885 INFO Update/Insert - index_prices (BSE30)
2021-04-01 11:45:30,633 INFO Update/Insert success - index_prices (BSE30)
2021-04-01 11:45:31,222 INFO Update/Insert - index_prices (BSE500)
2021-04-01 11:45:31,893 INFO Update/Insert success - index_prices (BSE500)
2021-04-01 11:45:31,956 INFO Index Prices - NSE is started
2021-04-01 11:45:32,257 INFO Update/Insert - index_prices (NIFTY100)
2021-04-01 11:45:32,299 INFO Update/Insert - index_prices (BSEHEALTH)
2021-04-01 11:45:33,043 INFO Update/Insert success - index_prices (BSEHEALTH)
2021-04-01 11:45:33,506 INFO Update/Insert - index_prices (BSEMC)
2021-04-01 11:45:33,570 INFO Update/Insert success - index_prices (NIFTY100)
2021-04-01 11:45:33,850 INFO Update/Insert - index_prices (NIFTY200)
2021-04-01 11:45:34,175 INFO Update/Insert success - index_prices (BSEMC)
2021-04-01 11:45:34,549 INFO Update/Insert success - index_prices (NIFTY200)
2021-04-01 11:45:34,742 INFO Update/Insert - index_prices (NIFTY50)
2021-04-01 11:45:34,782 INFO Update/Insert - index_prices (BSEMSC400)
2021-04-01 11:45:35,426 INFO Update/Insert success - index_prices (NIFTY50)
2021-04-01 11:45:35,455 INFO Update/Insert success - index_prices (BSEMSC400)
2021-04-01 11:45:35,706 INFO Update/Insert - index_prices (NIFTY500)
2021-04-01 11:45:35,959 INFO Update/Insert - index_prices (BSESC)
2021-04-01 11:45:36,379 INFO Update/Insert success - index_prices (NIFTY500)
2021-04-01 11:45:36,658 INFO Update/Insert success - index_prices (BSESC)
2021-04-01 11:45:36,693 INFO Update/Insert - index_prices (NIFTYMC100)
2021-04-01 11:45:37,381 INFO Update/Insert success - index_prices (NIFTYMC100)
2021-04-01 11:45:37,766 INFO Update/Insert - index_prices (SENSEX)
2021-04-01 11:45:37,786 INFO Update/Insert - index_prices (NIFTYMC150)
2021-04-01 11:45:38,442 INFO Update/Insert success - index_prices (SENSEX)
2021-04-01 11:45:38,474 INFO Update/Insert success - index_prices (NIFTYMC150)
2021-04-01 11:45:38,509 INFO Index Prices - Extraction of BSE index prices is completed
2021-04-01 11:45:38,839 INFO Update/Insert - index_prices (NIFTYPHARMA)
2021-04-01 11:45:39,539 INFO Update/Insert success - index_prices (NIFTYPHARMA)
2021-04-01 11:45:39,822 INFO Update/Insert - index_prices (NIFTYSC100)
2021-04-01 11:45:40,549 INFO Update/Insert success - index_prices (NIFTYSC100)
2021-04-01 11:45:40,816 INFO Update/Insert - index_prices (NIFTYSC250)
2021-04-01 11:45:41,552 INFO Update/Insert success - index_prices (NIFTYSC250)
2021-04-01 11:45:42,167 INFO Update/Insert - index_prices (NIFVIX)
2021-04-01 11:45:42,888 INFO Update/Insert success - index_prices (NIFVIX)
2021-04-01 11:45:42,959 INFO Index Prices - NSE is completed
2021-05-03 14:52:34,437 INFO Index Prices - Extraction of BSE index prices is started
2021-05-03 14:52:35,170 INFO Update/Insert - index_prices (BSE100)
2021-05-03 14:52:36,350 INFO Update/Insert success - index_prices (BSE100)
2021-05-03 14:52:36,750 INFO Update/Insert - index_prices (BSE200)
2021-05-03 14:52:37,247 INFO Update/Insert success - index_prices (BSE200)
2021-05-03 14:52:37,706 INFO Update/Insert - index_prices (BSE30)
2021-05-03 14:52:38,257 INFO Update/Insert success - index_prices (BSE30)
2021-05-03 14:52:38,638 INFO Update/Insert - index_prices (BSE500)
2021-05-03 14:52:39,209 INFO Update/Insert success - index_prices (BSE500)
2021-05-03 14:52:39,702 INFO Update/Insert - index_prices (BSEHEALTH)
2021-05-03 14:52:40,187 INFO Update/Insert success - index_prices (BSEHEALTH)
2021-05-03 14:52:40,590 INFO Update/Insert - index_prices (BSEMC)
2021-05-03 14:52:41,121 INFO Update/Insert success - index_prices (BSEMC)
2021-05-03 14:52:41,686 INFO Update/Insert - index_prices (BSEMSC400)
2021-05-03 14:52:42,166 INFO Update/Insert success - index_prices (BSEMSC400)
2021-05-03 14:52:42,556 INFO Update/Insert - index_prices (BSESC)
2021-05-03 14:52:43,121 INFO Update/Insert success - index_prices (BSESC)
2021-05-03 14:52:43,558 INFO Update/Insert - index_prices (SENSEX)
2021-05-03 14:52:44,034 INFO Update/Insert success - index_prices (SENSEX)
2021-05-03 14:52:44,086 INFO Index Prices - Extraction of BSE index prices is completed
2021-05-03 14:54:28,068 INFO Index Prices - NSE is started
2021-05-03 14:54:28,374 INFO Update/Insert - index_prices (NIFTY100)
2021-05-03 14:54:29,355 INFO Update/Insert success - index_prices (NIFTY100)
2021-05-03 14:54:29,700 INFO Update/Insert - index_prices (NIFTY200)
2021-05-03 14:54:30,195 INFO Update/Insert success - index_prices (NIFTY200)
2021-05-03 14:54:30,411 INFO Update/Insert - index_prices (NIFTY50)
2021-05-03 14:54:30,922 INFO Update/Insert success - index_prices (NIFTY50)
2021-05-03 14:54:31,248 INFO Update/Insert - index_prices (NIFTY500)
2021-05-03 14:54:31,726 INFO Update/Insert success - index_prices (NIFTY500)
2021-05-03 14:54:32,050 INFO Update/Insert - index_prices (NIFTYMC100)
2021-05-03 14:54:32,530 INFO Update/Insert success - index_prices (NIFTYMC100)
2021-05-03 14:54:32,862 INFO Update/Insert - index_prices (NIFTYMC150)
2021-05-03 14:54:33,371 INFO Update/Insert success - index_prices (NIFTYMC150)
2021-05-03 14:54:33,713 INFO Update/Insert - index_prices (NIFTYPHARMA)
2021-05-03 14:54:34,190 INFO Update/Insert success - index_prices (NIFTYPHARMA)
2021-05-03 14:54:34,530 INFO Update/Insert - index_prices (NIFTYSC100)
2021-05-03 14:54:35,045 INFO Update/Insert success - index_prices (NIFTYSC100)
2021-05-03 14:54:35,343 INFO Update/Insert - index_prices (NIFTYSC250)
2021-05-03 14:54:35,842 INFO Update/Insert success - index_prices (NIFTYSC250)
2021-05-03 14:54:36,164 INFO Update/Insert - index_prices (NIFVIX)
2021-05-03 14:54:36,642 INFO Update/Insert success - index_prices (NIFVIX)
2021-05-03 14:54:36,696 INFO Index Prices - NSE is completed
