2020-07-01 10:43:01,134 INFO Mas Securities - PE/PB/DY/EPS extraction of Securities(BSE500) is started
2020-07-01 10:43:03,492 INFO Mas Securities - PE/PB/DY/EPS extraction of Securities(BSE500) is completed
2020-07-01 10:43:03,493 INFO Mas Securities - Ratios extraction is started
2020-07-01 10:43:05,802 INFO INE470A01017
2020-07-01 10:43:06,590 INFO INE769A01020
2020-07-01 10:43:07,235 INFO INE216P01012
2020-07-01 10:43:07,900 INFO INE117A01022
2020-07-01 10:43:08,605 INFO INE358A01014
2020-07-01 10:43:09,436 INFO INE07Y701011
2020-07-01 10:43:10,076 INFO INE012A01025
2020-07-01 10:43:10,979 INFO INE423A01024
2020-07-01 10:43:11,688 INFO INE399L01023
2020-07-01 10:43:12,367 INFO INE364U01010
2020-07-01 10:43:13,266 INFO INE742F01042
2020-07-01 10:43:13,993 INFO INE814H01011
2020-07-01 10:43:14,769 INFO INE931S01010
2020-07-01 10:43:15,566 INFO INE674K01013
2020-07-01 10:43:16,452 INFO INE647O01011
2020-07-01 10:43:17,324 INFO INE837H01020
2020-07-01 10:43:18,088 INFO INE208C01025
2020-07-01 10:43:18,866 INFO INE00WC01019
2020-07-01 10:43:19,615 INFO INE212H01026
2020-07-01 10:43:20,253 INFO INE031B01049
2020-07-01 10:43:20,958 INFO INE133A01011
2020-07-01 10:43:21,729 INFO INE901L01018
2020-07-01 10:43:22,550 INFO INE540L01014
2020-07-01 10:43:23,405 INFO INE150B01021
2020-07-01 10:43:24,118 INFO INE418H01029
2020-07-01 10:43:24,880 INFO INE885A01032
2020-07-01 10:43:25,718 INFO INE371P01015
2020-07-01 10:43:26,412 INFO INE079A01024
2020-07-01 10:43:27,118 INFO INE702C01019
2020-07-01 10:43:27,979 INFO INE437A01024
2020-07-01 10:43:28,762 INFO INE438A01022
2020-07-01 10:43:29,534 INFO INE955V01021
2020-07-01 10:43:30,242 INFO INE442H01029
2020-07-01 10:43:30,958 INFO INE208A01029
2020-07-01 10:43:31,602 INFO INE021A01026
2020-07-01 10:43:32,350 INFO INE914M01019
2020-07-01 10:43:33,214 INFO INE006I01046
2020-07-01 10:43:34,077 INFO INE203A01020
2020-07-01 10:43:34,795 INFO INE100A01010
2020-07-01 10:43:35,495 INFO INE406A01037
2020-07-01 10:43:36,297 INFO INE949L01017
2020-07-01 10:43:37,084 INFO INE871C01038
2020-07-01 10:43:37,897 INFO INE192R01011
2020-07-01 10:43:38,645 INFO INE238A01034
2020-07-01 10:43:38,766 INFO INE917I01010
2020-07-01 10:43:39,495 INFO INE933K01021
2020-07-01 10:43:40,280 INFO INE193E01025
2020-07-01 10:43:41,156 INFO INE296A01024
2020-07-01 10:43:41,875 INFO INE918I01018
2020-07-01 10:43:42,729 INFO INE118A01012
2020-07-01 10:43:43,616 INFO INE787D01026
2020-07-01 10:43:44,442 INFO INE164A01016
2020-07-01 10:43:45,328 INFO INE119A01028
2020-07-01 10:43:46,052 INFO INE545U01014
2020-07-01 10:43:46,124 INFO INE028A01039
2020-07-01 10:43:46,195 INFO INE084A01016
2020-07-01 10:43:46,266 INFO INE457A01014
2020-07-01 10:43:46,940 INFO INE373A01013
2020-07-01 10:43:47,610 INFO INE176A01028
2020-07-01 10:43:48,351 INFO INE462A01022
2020-07-01 10:43:48,455 INFO INE258A01016
2020-07-01 10:43:49,190 INFO INE463A01038
2020-07-01 10:43:50,028 INFO INE171Z01018
2020-07-01 10:43:50,777 INFO INE263A01024
2020-07-01 10:43:51,396 INFO INE465A01025
2020-07-01 10:43:52,204 INFO INE257A01026
2020-07-01 10:43:53,211 INFO INE029A01011
2020-07-01 10:43:53,948 INFO INE397D01024
2020-07-01 10:43:54,694 INFO INE121J01017
2020-07-01 10:43:55,376 INFO INE376G01013
2020-07-01 10:43:56,168 INFO INE340A01012
2020-07-01 10:43:56,795 INFO INE836A01035
2020-07-01 10:43:57,420 INFO INE416D01022
2020-07-01 10:43:58,199 INFO INE233B01017
2020-07-01 10:43:58,869 INFO INE472A01039
2020-07-01 10:43:59,661 INFO INE050A01025
2020-07-01 10:44:00,548 INFO INE032A01023
2020-07-01 10:44:01,154 INFO INE323A01026
2020-07-01 10:44:01,927 INFO INE791I01019
2020-07-01 10:44:02,642 INFO INE216A01030
2020-07-01 10:44:03,412 INFO INE010B01027
2020-07-01 10:44:03,495 INFO INE476A01014
2020-07-01 10:44:04,162 INFO INE477A01020
2020-07-01 10:44:04,960 INFO INE475E01026
2020-07-01 10:44:05,800 INFO INE180C01026
2020-07-01 10:44:06,552 INFO INE120A01034
2020-07-01 10:44:07,325 INFO INE752H01013
2020-07-01 10:44:08,133 INFO INE172A01027
2020-07-01 10:44:08,974 INFO INE421D01022
2020-07-01 10:44:09,676 INFO INE482A01020
2020-07-01 10:44:09,755 INFO INE483A01010
2020-07-01 10:44:10,495 INFO INE348B01021
2020-07-01 10:44:11,287 INFO INE055A01016
2020-07-01 10:44:12,166 INFO INE739E01017
2020-07-01 10:44:12,896 INFO INE486A01013
2020-07-01 10:44:13,778 INFO INE085A01013
2020-07-01 10:44:14,613 INFO INE178A01016
2020-07-01 10:44:15,443 INFO INE149A01033
2020-07-01 10:44:16,430 INFO INE121A01024
2020-07-01 10:44:17,148 INFO INE059A01026
2020-07-01 10:44:17,906 INFO INE491A01021
2020-07-01 10:44:18,684 INFO INE522F01014
2020-07-01 10:44:19,552 INFO INE704P01017
2020-07-01 10:44:20,336 INFO INE259A01022
2020-07-01 10:44:21,270 INFO INE111A01025
2020-07-01 10:44:22,213 INFO INE169A01031
2020-07-01 10:44:23,048 INFO INE741K01010
2020-07-01 10:44:23,642 INFO INE007A01025
2020-07-01 10:44:24,552 INFO INE299U01018
2020-07-01 10:44:25,220 INFO INE679A01013
2020-07-01 10:44:25,918 INFO INE298A01020
2020-07-01 10:44:26,585 INFO INE136B01020
2020-07-01 10:44:27,345 INFO INE016A01026
2020-07-01 10:44:28,112 INFO INE00R701025
2020-07-01 10:44:28,194 INFO INE950I01011
2020-07-01 10:44:28,827 INFO INE503A01015
2020-07-01 10:44:29,521 INFO INE499A01024
2020-07-01 10:44:30,401 INFO INE501A01019
2020-07-01 10:44:31,235 INFO INE288B01029
2020-07-01 10:44:31,912 INFO INE124G01033
2020-07-01 10:44:32,556 INFO INE435G01025
2020-07-01 10:44:33,316 INFO INE917M01012
2020-07-01 10:44:34,089 INFO INE385W01011
2020-07-01 10:44:34,860 INFO INE836F01026
2020-07-01 10:44:35,642 INFO INE361B01024
2020-07-01 10:44:36,528 INFO INE935N01012
2020-07-01 10:44:37,186 INFO INE271C01023
2020-07-01 10:44:37,314 INFO INE600L01024
2020-07-01 10:44:37,393 INFO INE089A01023
2020-07-01 10:44:37,464 INFO INE738I01010
2020-07-01 10:44:38,261 INFO INE532F01054
2020-07-01 10:44:39,070 INFO INE066A01013
2020-07-01 10:44:39,904 INFO INE126A01031
2020-07-01 10:44:40,619 INFO INE230A01023
2020-07-01 10:44:41,287 INFO INE548C01032
2020-07-01 10:44:42,100 INFO INE913H01037
2020-07-01 10:44:42,861 INFO INE510A01028
2020-07-01 10:44:43,590 INFO INE988K01017
2020-07-01 10:44:43,673 INFO INE406M01024
2020-07-01 10:44:44,287 INFO INE284A01012
2020-07-01 10:44:44,939 INFO INE042A01014
2020-07-01 10:44:45,725 INFO INE255A01020
2020-07-01 10:44:46,507 INFO INE302A01020
2020-07-01 10:44:47,173 INFO INE258B01022
2020-07-01 10:44:47,293 INFO INE171A01029
2020-07-01 10:44:48,054 INFO INE686Y01026
2020-07-01 10:44:48,874 INFO INE235A01022
2020-07-01 10:44:49,599 INFO INE183A01016
2020-07-01 10:44:50,484 INFO INE684F01012
2020-07-01 10:44:50,563 INFO INE451A01017
2020-07-01 10:44:51,411 INFO INE061F01013
2020-07-01 10:44:52,208 INFO INE220J01025
2020-07-01 10:44:52,885 INFO INE752P01024
2020-07-01 10:44:53,607 INFO INE129A01019
2020-07-01 10:44:54,390 INFO INE600K01018
2020-07-01 10:44:55,223 INFO INE382Z01011
2020-07-01 10:44:56,096 INFO INE276A01018
2020-07-01 10:44:56,922 INFO INE852F01015
2020-07-01 10:44:57,905 INFO INE481Y01014
2020-07-01 10:44:58,683 INFO INE878A01011
2020-07-01 10:44:59,573 INFO INE200A01026
2020-07-01 10:45:00,218 INFO INE539A01019
2020-07-01 10:45:01,052 INFO INE322A01010
2020-07-01 10:45:01,959 INFO INE159A01016
2020-07-01 10:45:02,798 INFO INE935A01035
2020-07-01 10:45:03,615 INFO INE541A01023
2020-07-01 10:45:03,703 INFO INE776C01039
2020-07-01 10:45:04,418 INFO INE260B01028
2020-07-01 10:45:05,232 INFO INE850D01014
2020-07-01 10:45:06,055 INFO INE102D01028
2020-07-01 10:45:06,788 INFO INE233A01035
2020-07-01 10:45:07,528 INFO INE484J01027
2020-07-01 10:45:08,305 INFO INE101D01020
2020-07-01 10:45:09,057 INFO INE371A01025
2020-07-01 10:45:09,799 INFO INE047A01021
2020-07-01 10:45:09,922 INFO INE017A01032
2020-07-01 10:45:10,604 INFO INE224A01026
2020-07-01 10:45:11,330 INFO INE536A01023
2020-07-01 10:45:12,183 INFO INE186A01019
2020-07-01 10:45:12,992 INFO INE09N301011
2020-07-01 10:45:13,662 INFO INE844O01030
2020-07-01 10:45:13,783 INFO INE131A01031
2020-07-01 10:45:14,648 INFO INE113A01013
2020-07-01 10:45:14,743 INFO INE517F01014
2020-07-01 10:45:15,639 INFO INE026A01025
2020-07-01 10:45:16,504 INFO INE246F01010
2020-07-01 10:45:17,402 INFO INE635Q01029
2020-07-01 10:45:18,250 INFO INE982F01036
2020-07-01 10:45:19,057 INFO INE176B01034
2020-07-01 10:45:19,738 INFO INE979B01015
2020-07-01 10:45:20,509 INFO INE860A01027
2020-07-01 10:45:21,315 INFO INE127D01025
2020-07-01 10:45:22,065 INFO INE040A01034
2020-07-01 10:45:22,805 INFO INE795G01014
2020-07-01 10:45:23,356 INFO INE545A01016
2020-07-01 10:45:24,127 INFO INE578A01017
2020-07-01 10:45:24,918 INFO INE978A01027
2020-07-01 10:45:25,639 INFO INE158A01026
2020-07-01 10:45:26,462 INFO INE093A01033
2020-07-01 10:45:27,099 INFO INE548A01028
2020-07-01 10:45:27,873 INFO INE019C01026
2020-07-01 10:45:28,762 INFO INE049A01027
2020-07-01 10:45:29,632 INFO INE038A01020
2020-07-01 10:45:30,453 INFO INE066F01012
2020-07-01 10:45:31,252 INFO INE531E01026
2020-07-01 10:45:32,110 INFO INE094A01015
2020-07-01 10:45:32,806 INFO INE030A01027
2020-07-01 10:45:33,615 INFO INE267A01025
2020-07-01 10:45:34,504 INFO INE671A01010
2020-07-01 10:45:35,486 INFO INE001A01036
2020-07-01 10:45:36,366 INFO INE031A01017
2020-07-01 10:45:37,145 INFO INE090A01021
2020-07-01 10:45:38,009 INFO INE765G01017
2020-07-01 10:45:38,929 INFO INE726G01019
2020-07-01 10:45:39,749 INFO INE763G01038
2020-07-01 10:45:40,403 INFO INE008A01015
2020-07-01 10:45:41,077 INFO INE092T01019
2020-07-01 10:45:41,642 INFO INE043D01016
2020-07-01 10:45:42,328 INFO INE559A01017
2020-07-01 10:45:43,004 INFO INE039A01010
2020-07-01 10:45:43,696 INFO INE530B01024
2020-07-01 10:45:43,833 INFO INE466L01020
2020-07-01 10:45:44,663 INFO INE148I01020
2020-07-01 10:45:45,492 INFO INE069I01010
2020-07-01 10:45:46,322 INFO INE429D01017
2020-07-01 10:45:47,070 INFO INE933S01016
2020-07-01 10:45:47,189 INFO INE562A01011
2020-07-01 10:45:47,933 INFO INE022Q01020
2020-07-01 10:45:48,069 INFO INE053A01029
2020-07-01 10:45:48,788 INFO INE242A01010
2020-07-01 10:45:48,911 INFO INE565A01014
2020-07-01 10:45:49,819 INFO INE335Y01012
2020-07-01 10:45:50,756 INFO INE353K01014
2020-07-01 10:45:51,522 INFO INE873D01024
2020-07-01 10:45:52,342 INFO INE896L01010
2020-07-01 10:45:53,068 INFO INE203G01027
2020-07-01 10:45:53,762 INFO INE095A01012
2020-07-01 10:45:54,526 INFO INE483S01020
2020-07-01 10:45:55,312 INFO INE663F01024
2020-07-01 10:45:55,957 INFO INE009A01021
2020-07-01 10:45:56,651 INFO INE312H01016
2020-07-01 10:45:57,426 INFO INE306R01017
2020-07-01 10:45:58,256 INFO INE646L01027
2020-07-01 10:45:58,954 INFO INE571A01020
2020-07-01 10:45:59,727 INFO INE821I01014
2020-07-01 10:46:00,513 INFO INE962Y01013
2020-07-01 10:46:01,095 INFO INE154A01025
2020-07-01 10:46:01,704 INFO INE248A01017
2020-07-01 10:46:02,435 INFO INE199G01027
2020-07-01 10:46:03,043 INFO INE070D01027
2020-07-01 10:46:03,162 INFO INE168A01041
2020-07-01 10:46:03,893 INFO INE039C01032
2020-07-01 10:46:04,669 INFO INE572A01028
2020-07-01 10:46:05,290 INFO INE324A01024
2020-07-01 10:46:06,025 INFO INE455T01018
2020-07-01 10:46:06,780 INFO INE220G01021
2020-07-01 10:46:07,633 INFO INE749A01030
2020-07-01 10:46:07,761 INFO INE823G01014
2020-07-01 10:46:08,586 INFO INE786A01032
2020-07-01 10:46:09,179 INFO INE789E01012
2020-07-01 10:46:09,957 INFO INE573A01042
2020-07-01 10:46:10,707 INFO INE780C01023
2020-07-01 10:46:11,607 INFO INE782A01015
2020-07-01 10:46:12,309 INFO INE121E01018
2020-07-01 10:46:12,916 INFO INE019A01038
2020-07-01 10:46:13,591 INFO INE643A01035
2020-07-01 10:46:14,364 INFO INE797F01012
2020-07-01 10:46:15,111 INFO INE700A01033
2020-07-01 10:46:15,853 INFO INE599M01018
2020-07-01 10:46:16,521 INFO INE668F01031
2020-07-01 10:46:17,207 INFO INE217B01036
2020-07-01 10:46:17,974 INFO INE220B01022
2020-07-01 10:46:18,823 INFO INE531A01024
2020-07-01 10:46:18,921 INFO INE614B01018
2020-07-01 10:46:19,679 INFO INE389H01022
2020-07-01 10:46:20,377 INFO INE878B01027
2020-07-01 10:46:21,050 INFO INE634I01029
2020-07-01 10:46:21,798 INFO INE237A01028
2020-07-01 10:46:22,620 INFO INE04I401011
2020-07-01 10:46:22,690 INFO INE930H01023
2020-07-01 10:46:23,234 INFO INE001B01026
2020-07-01 10:46:23,795 INFO INE999A01015
2020-07-01 10:46:24,510 INFO INE269B01029
2020-07-01 10:46:25,158 INFO INE059D01020
2020-07-01 10:46:25,962 INFO INE214T01019
2020-07-01 10:46:26,749 INFO INE018A01030
2020-07-01 10:46:27,407 INFO INE947Q01010
2020-07-01 10:46:28,092 INFO INE970X01018
2020-07-01 10:46:28,787 INFO INE115A01026
2020-07-01 10:46:29,545 INFO INE473A01011
2020-07-01 10:46:30,319 INFO INE498L01015
2020-07-01 10:46:31,152 INFO INE010V01017
2020-07-01 10:46:31,819 INFO INE326A01037
2020-07-01 10:46:32,538 INFO INE150G01020
2020-07-01 10:46:33,205 INFO INE002S01010
2020-07-01 10:46:33,928 INFO INE288A01013
2020-07-01 10:46:34,721 INFO INE271B01025
2020-07-01 10:46:35,537 INFO INE536H01010
2020-07-01 10:46:35,655 INFO INE998I01010
2020-07-01 10:46:36,535 INFO INE813A01018
2020-07-01 10:46:39,095 INFO INE766P01016
2020-07-01 10:46:40,671 INFO INE774D01024
2020-07-01 10:46:41,941 INFO INE101A01026
2020-07-01 10:46:42,878 INFO INE522D01027
2020-07-01 10:46:43,879 INFO INE103A01014
2020-07-01 10:46:44,676 INFO INE196A01026
2020-07-01 10:46:45,505 INFO INE585B01010
2020-07-01 10:46:46,415 INFO INE348L01012
2020-07-01 10:46:47,364 INFO INE180A01020
2020-07-01 10:46:48,244 INFO INE974H01013
2020-07-01 10:46:49,252 INFO INE112L01020
2020-07-01 10:46:50,089 INFO INE842C01021
2020-07-01 10:46:51,130 INFO INE405E01023
2020-07-01 10:46:51,867 INFO INE018I01017
2020-07-01 10:46:52,690 INFO INE099Z01011
2020-07-01 10:46:53,303 INFO INE123F01029
2020-07-01 10:46:53,948 INFO INE490G01020
2020-07-01 10:46:54,749 INFO INE775A01035
2020-07-01 10:46:54,869 INFO INE338I01027
2020-07-01 10:46:55,529 INFO INE356A01018
2020-07-01 10:46:56,108 INFO INE883A01011
2020-07-01 10:46:56,925 INFO INE745G01035
2020-07-01 10:46:57,641 INFO INE414G01012
2020-07-01 10:46:57,773 INFO INE410P01011
2020-07-01 10:46:58,431 INFO INE987B01026
2020-07-01 10:46:59,209 INFO INE139A01034
2020-07-01 10:46:59,330 INFO INE733E01010
2020-07-01 10:47:00,198 INFO INE725A01022
2020-07-01 10:47:01,089 INFO INE048G01026
2020-07-01 10:47:01,858 INFO INE060A01024
2020-07-01 10:47:02,577 INFO INE095N01031
2020-07-01 10:47:03,189 INFO INE868B01028
2020-07-01 10:47:03,811 INFO INE317F01035
2020-07-01 10:47:04,613 INFO INE239A01016
2020-07-01 10:47:05,158 INFO INE848E01016
2020-07-01 10:47:05,877 INFO INE591G01017
2020-07-01 10:47:06,437 INFO INE310A01015
2020-07-01 10:47:06,510 INFO INE298J01013
2020-07-01 10:47:07,173 INFO INE589A01014
2020-07-01 10:47:07,778 INFO INE584A01023
2020-07-01 10:47:08,335 INFO INE163A01018
2020-07-01 10:47:09,055 INFO INE093I01010
2020-07-01 10:47:09,730 INFO INE274J01014
2020-07-01 10:47:10,506 INFO INE213A01029
2020-07-01 10:47:11,170 INFO INE800H01010
2020-07-01 10:47:12,050 INFO INE881D01027
2020-07-01 10:47:12,889 INFO INE876N01018
2020-07-01 10:47:13,600 INFO INE142Z01019
2020-07-01 10:47:14,368 INFO INE743M01012
2020-07-01 10:47:15,215 INFO INE761H01022
2020-07-01 10:47:16,063 INFO INE883N01014
2020-07-01 10:47:16,760 INFO INE785M01013
2020-07-01 10:47:17,627 INFO INE262H01013
2020-07-01 10:47:18,326 INFO INE347G01014
2020-07-01 10:47:19,003 INFO INE182A01018
2020-07-01 10:47:19,953 INFO INE602A01023
2020-07-01 10:47:20,028 INFO INE211B01039
2020-07-01 10:47:20,803 INFO INE318A01026
2020-07-01 10:47:21,609 INFO INE603J01030
2020-07-01 10:47:22,403 INFO INE140A01024
2020-07-01 10:47:23,266 INFO INE572E01012
2020-07-01 10:47:24,092 INFO INE195J01029
2020-07-01 10:47:24,879 INFO INE455K01017
2020-07-01 10:47:25,709 INFO INE134E01011
2020-07-01 10:47:26,506 INFO INE752E01010
2020-07-01 10:47:27,391 INFO INE811K01011
2020-07-01 10:47:28,238 INFO INE010A01011
2020-07-01 10:47:29,119 INFO INE199A01012
2020-07-01 10:47:30,034 INFO INE179A01014
2020-07-01 10:47:30,713 INFO INE877F01012
2020-07-01 10:47:30,840 INFO INE160A01022
2020-07-01 10:47:31,452 INFO INE191H01014
2020-07-01 10:47:32,096 INFO INE615P01015
2020-07-01 10:47:32,788 INFO INE944F01028
2020-07-01 10:47:33,540 INFO INE415G01027
2020-07-01 10:47:34,342 INFO INE855B01025
2020-07-01 10:47:35,097 INFO INE343B01030
2020-07-01 10:47:35,933 INFO INE613A01020
2020-07-01 10:47:36,734 INFO INE027A01015
2020-07-01 10:47:37,604 INFO INE703B01027
2020-07-01 10:47:38,298 INFO INE301A01014
2020-07-01 10:47:38,981 INFO INE976G01028
2020-07-01 10:47:39,633 INFO INE020B01018
2020-07-01 10:47:40,392 INFO INE891D01026
2020-07-01 10:47:41,150 INFO INE131B01039
2020-07-01 10:47:41,998 INFO INE002A01018
2020-07-01 10:47:42,794 INFO INE612J01015
2020-07-01 10:47:43,475 INFO INE320J01015
2020-07-01 10:47:44,199 INFO INE058A01010
2020-07-01 10:47:45,008 INFO INE123W01016
2020-07-01 10:47:45,879 INFO INE123W01016
2020-07-01 10:47:46,749 INFO INE513A01014
2020-07-01 10:47:47,574 INFO INE839M01018
2020-07-01 10:47:48,557 INFO INE285J01010
2020-07-01 10:47:49,441 INFO INE274V01019
2020-07-01 10:47:50,215 INFO INE916U01025
2020-07-01 10:47:51,103 INFO INE109A01011
2020-07-01 10:47:51,209 INFO INE500L01026
2020-07-01 10:47:51,948 INFO INE498B01024
2020-07-01 10:47:52,032 INFO INE070A01015
2020-07-01 10:47:52,883 INFO INE722A01011
2020-07-01 10:47:53,613 INFO INE721A01013
2020-07-01 10:47:54,267 INFO INE003A01024
2020-07-01 10:47:54,843 INFO INE002L01015
2020-07-01 10:47:55,484 INFO INE640A01023
2020-07-01 10:47:56,094 INFO INE671H01015
2020-07-01 10:47:56,847 INFO INE343H01029
2020-07-01 10:47:57,604 INFO INE355A01028
2020-07-01 10:47:58,386 INFO INE269A01021
2020-07-01 10:47:59,128 INFO INE683A01023
2020-07-01 10:48:00,024 INFO INE572J01011
2020-07-01 10:48:00,694 INFO INE285B01017
2020-07-01 10:48:01,266 INFO INE647A01010
2020-07-01 10:48:01,360 INFO INE460H01021
2020-07-01 10:48:01,428 INFO INE062A01020
2020-07-01 10:48:02,248 INFO INE114A01011
2020-07-01 10:48:03,207 INFO INE00M201021
2020-07-01 10:48:04,048 INFO INE089C01029
2020-07-01 10:48:04,838 INFO INE939A01011
2020-07-01 10:48:05,610 INFO INE659A01023
2020-07-01 10:48:06,493 INFO INE258G01013
2020-07-01 10:48:07,285 INFO INE387A01021
2020-07-01 10:48:08,108 INFO INE232I01014
2020-07-01 10:48:08,924 INFO INE044A01036
2020-07-01 10:48:09,708 INFO INE805D01034
2020-07-01 10:48:10,442 INFO INE424H01027
2020-07-01 10:48:11,190 INFO INE399C01030
2020-07-01 10:48:11,914 INFO INE195A01028
2020-07-01 10:48:12,607 INFO INE040H01021
2020-07-01 10:48:13,343 INFO INE665A01038
2020-07-01 10:48:14,020 INFO INE225D01027
2020-07-01 10:48:14,794 INFO INE398R01022
2020-07-01 10:48:15,584 INFO INE142I01023
2020-07-01 10:48:16,367 INFO INE107A01015
2020-07-01 10:48:17,284 INFO INE488B01017
2020-07-01 10:48:18,090 INFO INE092A01019
2020-07-01 10:48:19,059 INFO INE493A01027
2020-07-01 10:48:21,958 INFO INE151A01013
2020-07-01 10:48:23,175 INFO INE467B01029
2020-07-01 10:48:23,297 INFO INE192A01025
2020-07-01 10:48:24,186 INFO INE670A01012
2020-07-01 10:48:24,998 INFO INE672A01018
2020-07-01 10:48:25,734 INFO INE056C01010
2020-07-01 10:48:25,857 INFO IN9155A01020
2020-07-01 10:48:26,499 INFO INE155A01022
2020-07-01 10:48:27,163 INFO INE245A01021
2020-07-01 10:48:27,804 INFO INE081A01012
2020-07-01 10:48:28,555 INFO INE586V01016
2020-07-01 10:48:29,381 INFO INE778U01029
2020-07-01 10:48:30,127 INFO INE985S01024
2020-07-01 10:48:30,825 INFO INE669C01036
2020-07-01 10:48:31,679 INFO INE470Y01017
2020-07-01 10:48:32,529 INFO INE331A01037
2020-07-01 10:48:33,116 INFO INE152A01029
2020-07-01 10:48:33,885 INFO INE594H01019
2020-07-01 10:48:34,008 INFO INE508G01029
2020-07-01 10:48:34,747 INFO INE325A01013
2020-07-01 10:48:35,556 INFO INE280A01028
2020-07-01 10:48:36,389 INFO INE685A01028
2020-07-01 10:48:37,047 INFO INE813H01021
2020-07-01 10:48:37,704 INFO INE849A01020
2020-07-01 10:48:38,363 INFO INE064C01022
2020-07-01 10:48:39,156 INFO INE690A01010
2020-07-01 10:48:39,966 INFO INE974X01010
2020-07-01 10:48:40,825 INFO INE886H01027
2020-07-01 10:48:41,563 INFO INE494B01023
2020-07-01 10:48:42,308 INFO INE421C01016
2020-07-01 10:48:43,129 INFO INE038F01029
2020-07-01 10:48:43,226 INFO INE691A01018
2020-07-01 10:48:43,918 INFO INE516A01017
2020-07-01 10:48:44,873 INFO INE334L01012
2020-07-01 10:48:45,828 INFO INE551W01018
2020-07-01 10:48:46,700 INFO INE481G01011
2020-07-01 10:48:46,829 INFO INE692A01016
2020-07-01 10:48:47,733 INFO INE686F01025
2020-07-01 10:48:48,452 INFO INE628A01036
2020-07-01 10:48:49,273 INFO INE884A01019
2020-07-01 10:48:50,211 INFO INE825A01012
2020-07-01 10:48:51,055 INFO INE665L01035
2020-07-01 10:48:52,037 INFO INE200M01013
2020-07-01 10:48:52,136 INFO INE956G01038
2020-07-01 10:48:52,833 INFO INE205A01025
2020-07-01 10:48:53,727 INFO INE398A01010
2020-07-01 10:48:54,511 INFO INE951I01027
2020-07-01 10:48:55,206 INFO INE410B01037
2020-07-01 10:48:55,336 INFO INE054A01027
2020-07-01 10:48:56,010 INFO INE665J01013
2020-07-01 10:48:56,725 INFO INE669E01016
2020-07-01 10:48:57,345 INFO INE226A01021
2020-07-01 10:48:58,063 INFO INE366I01010
2020-07-01 10:48:58,906 INFO INE710A01016
2020-07-01 10:48:59,599 INFO INE342J01019
2020-07-01 10:49:00,379 INFO INE191B01025
2020-07-01 10:49:01,114 INFO INE192B01031
2020-07-01 10:49:01,878 INFO INE274F01020
2020-07-01 10:49:02,600 INFO INE716A01013
2020-07-01 10:49:03,240 INFO INE075A01022
2020-07-01 10:49:03,812 INFO INE049B01025
2020-07-01 10:49:04,638 INFO INE256A01028
2020-07-01 10:49:05,474 INFO INE520A01027
2020-07-01 10:49:06,235 INFO INE768C01010
2020-07-01 10:49:06,236 INFO Mas Securities - Ratios extraction is completed
